0:100  0:100  MemLog inited, TSC freq: 2691256599
0:100  0:000  CPU was calibrated with ACPI PM Timer
0:100  0:000  
0:100  0:000  Now is 6.2.2018,  13:22:25 (GMT)
0:100  0:000  Starting Clover revision: 4392 on American Megatrends EFI
0:100  0:000  Build with: [Args: -D NO_GRUB_DRIVERS_EMBEDDED -t XCODE8 | -D NO_GRUB_DRIVERS_EMBEDDED -D USE_LOW_EBDA -a X64 -b RELEASE -t XCODE8 -n 5 | OS: 10.12.6 | XCODE: 9.2]
0:100  0:000  SelfDevicePath=PciRoot(0x0)\Pci(0x1F,0x2)\Sata(0x0,0xFFFF,0x0)\HD(1,GPT,153733B5-502F-4126-B299-B9718254796F,0x28,0x64000) @CFBCF498
0:100  0:000  SelfDirPath = \EFI\BOOT
0:100  0:000  === [ Get Smbios ] ========================================
0:100  0:000  Type 16 Index = 0
0:100  0:000  Total Memory Slots Count = 2
0:100  0:000  Type 17 Index = 0
0:100  0:000  SmbiosTable.Type17->Speed = 1600MHz
0:100  0:000  SmbiosTable.Type17->Size = 4096MB
0:100  0:000  SmbiosTable.Type17->Bank/Device =  DIMM A
0:100  0:000  SmbiosTable.Type17->Vendor = 830B
0:100  0:000  SmbiosTable.Type17->SerialNumber = 19B92856
0:100  0:000  SmbiosTable.Type17->PartNumber = NT4GC64C88B1NS-DI 
0:100  0:000  Type 17 Index = 1
0:100  0:000  Ignoring insane frequency value 0MHz
0:100  0:000  SmbiosTable.Type17->Speed = 0MHz
0:100  0:000  SmbiosTable.Type17->Size = 0MB
0:100  0:000  SmbiosTable.Type17->Bank/Device =  DIMM B
0:100  0:000  SmbiosTable.Type17->Vendor = <null string>
0:100  0:000  SmbiosTable.Type17->SerialNumber = <null string>
0:100  0:000  SmbiosTable.Type17->PartNumber = <null string>
0:100  0:000  Boot status=0
0:100  0:000  Running on: 'Latitude E6430s' with board '0FR72K'
0:100  0:000  === [ GetCPUProperties ] ==================================
0:100  0:000  CPU Vendor = 756E6547 Model=306A9
0:100  0:000   The CPU supported SSE4.1
0:100  0:000  BrandString = Intel(R) Core(TM) i5-3340M CPU @ 2.70GHz
0:100  0:000   The CPU supported turbo
0:100  0:000  MSR 0x35               20004
0:100  0:000  MSR 0xE2 before patch 1E008404
0:100  0:000  MSR 0xE2 is locked, PM patches will be turned on
0:100  0:000  MSR 0xCE              00080C10_E0011B00
0:100  0:000  corrected FLEX_RATIO = 100000
0:100  0:000  MSR 0x1B0             00000000
0:100  0:000  FSBFrequency = 100 MHz, DMI FSBFrequency = 100 MHz, Corrected FSBFrequency = 100 MHz
0:100  0:000  MaxDiv/MinDiv: 27.0/12
0:100  0:000  Turbo: 32/32/32/34
0:100  0:000  Features: 0xBFEBFBFF
0:100  0:000  Threads: 4
0:100  0:000  Cores: 2
0:100  0:000  FSB: 100 MHz
0:100  0:000  CPU: 2700 MHz
0:100  0:000  TSC: 2700 MHz
0:100  0:000  PIS: 100 MHz
0:100  0:000  ExternalClock: 25 MHz
0:100  0:000  === [ GetDevices ] ========================================
0:100  0:000  PCI (00|00:00.00) : 8086 0154 class=060000
0:100  0:000  PCI (00|00:02.00) : 8086 0166 class=030000
0:100  0:000   - GFX: Model=Intel HD Graphics 4000 (Intel)
0:100  0:000  PCI (00|00:14.00) : 8086 1E31 class=0C0330
0:100  0:000  PCI (00|00:16.00) : 8086 1E3A class=078000
0:100  0:000  PCI (00|00:16.01) : FFFF FFFF class=FFFFFF
0:100  0:000  PCI (00|00:16.03) : 8086 1E3D class=070002
0:100  0:000  PCI (00|00:19.00) : 8086 1502 class=020000
0:100  0:000   - LAN: 0 Vendor=Intel
0:100  0:000  PCI (00|00:1A.00) : 8086 1E2D class=0C0320
0:100  0:000  PCI (00|00:1B.00) : 8086 1E20 class=040300
0:100  0:000  PCI (00|00:1C.00) : 8086 1E10 class=060400
0:100  0:000  PCI (00|00:1C.01) : 8086 1E12 class=060400
0:100  0:000  PCI (00|02:00.00) : 168C 002B class=028000
0:100  0:000   - WIFI: Vendor=Atheros
0:100  0:000  PCI (00|00:1C.02) : 8086 1E14 class=060400
0:100  0:000  PCI (00|00:1C.03) : 8086 1E16 class=060400
0:100  0:000  PCI (00|00:1C.05) : 8086 1E1A class=060400
0:100  0:000  PCI (00|0B:00.00) : 1217 8221 class=080501
0:100  0:000  PCI (00|0B:00.01) : FFFF FFFF class=FFFFFF
0:100  0:000  PCI (00|00:1D.00) : 8086 1E26 class=0C0320
0:100  0:000  PCI (00|00:1F.00) : 8086 1E55 class=060100
0:100  0:000  PCI (00|00:1F.02) : 8086 1E03 class=010601
0:100  0:000  PCI (00|00:1F.03) : 8086 1E22 class=0C0500
0:100  0:000  PCI (00|00:1F.06) : FFFF FFFF class=FFFFFF
0:100  0:000  === [ GetDefaultSettings ] ================================
0:100  0:000  Clover load options size = 208 bytes
0:111  0:010  EFI\CLOVER\.plist not loaded with name from LoadOptions: Not Found
0:127  0:016  EFI\CLOVER\config.plist loaded: Success
0:127  0:000  === [ GetListOfThemes ] ===================================
0:130  0:002  - [00]: EMBEDDED
0:131  0:001  - [00]: RANDOM
0:132  0:001  - [00]: MaterialHeart
0:146  0:013  === [ Found config plists ] ===============================
0:146  0:000  - config.plist
0:146  0:000  === [ GetEarlyUserSettings ] ==============================
0:146  0:000  timeout set to 5
0:146  0:000  Custom boot CUSTOM_BOOT_DISABLED (0x0)
0:146  0:000  ForceKextsToLoad: 1 requested
0:146  0:000   - [0]: System\Library\Extensions\IONetworkingFamily.kext
0:146  0:000  KextsToPatch: 6 requested
0:146  0:000   - [00]: IOAHCIBlockStorage (Enable TRIM for SSD) :: BinPatch :: data len: 11
0:146  0:000   - patch disabled at config
0:146  0:000   - [01]: IOGraphicsFamily (Boot graphics glitch, 10.10.2/10.10.3) :: BinPatch :: data len: 5
0:146  0:000   - patch disabled at config
0:146  0:000   - [02]: IOGraphicsFamily (Boot graphics glitch, 10.10.x/10.11.x (credit lisai9093, cecekpawon)) :: BinPatch :: data len: 5
0:146  0:000   - patch disabled at config
0:146  0:000   - [03]: AppleIntelFramebufferCapri (HDMI-audio HD4000 0x01660003, port 0205) :: BinPatch :: data len: 12
0:146  0:000   - patch disabled at config
0:146  0:000   - [04]: AppleIntelFramebufferCapri (HDMI-audio HD4000 0x01660003, port 0304) :: BinPatch :: data len: 12
0:146  0:000   - patch disabled at config
0:146  0:000   - [05]: AppleIntelFramebufferCapri (HDMI-audio HD4000 0x01660003, port 0406) :: BinPatch :: data len: 12
0:146  0:000   - patch disabled at config
0:146  0:000  Default theme: MaterialHeart
0:146  0:000  ** Warning: unknown custom entry Type 'Other'
0:146  0:000  === [ LoadDrivers ] =======================================
0:148  0:001  Loading AppleImageCodec-64.efi  status=Success
0:149  0:001  Loading AppleKeyAggregator-64.efi  status=Success
0:150  0:001  Loading AppleUITheme-64.efi  status=Success
0:152  0:001  Loading CsmVideoDxe-64.efi  status=Success
0:153  0:001   - driver needs connecting
0:153  0:000  Loading DataHubDxe-64.efi  status=Success
0:173  0:020  Loading FirmwareVolume-64.efi  status=Success
0:174  0:001  Loading FSInject-64.efi  status=Success
0:176  0:001  Loading OsxAptioFix2Drv-64.efi  status=Success
0:177  0:001  Loading SMCHelper-64.efi  status=Success
0:178  0:001  Loading HFSPlus (2).efi  status=Success
0:185  0:007   - driver needs connecting
0:185  0:000  2 drivers needs connecting ...
0:185  0:000  PlatformDriverOverrideProtocol not found. Installing ... Success
0:185  0:000  HFS+ driver loaded
0:185  0:000  Video driver loaded: disconnect Success
0:301  0:115  Searching for invalid DiskIo BY_DRIVER connects: not found, all ok
0:442  0:141  CsmVideoDriverBindingStart
0:442  0:000  Controller is [030000]
0:442  0:000  Check for VBE
0:454  0:012   found Detail Timing 1366x768
0:454  0:000   found Detail Timing 1366x768
0:454  0:000  timing string after 0xFE:3HT47€140WH4

0:455  0:000    0 1024x768 attr=9B - ok, edid-, 1024x768, working, highest, pref=0
0:455  0:000    1 640x480 attr=9B - ok, edid-, 640x480, working
0:455  0:000    2 800x600 attr=9B - ok, edid-, 800x600, working
0:455  0:000    3 1366x768 attr=9B - ok, edid+, working, highest, pref=3
0:455  0:000  CsmVideo: New mode: 3 1366x768 - set
0:583  0:127   - SetMode pref 3 (3) = Success
0:583  0:000  CsmVideoCheckForVbe - Success
0:583  0:000  CsmVideoDriverBindingStart end Success
0:583  0:000  CsmVideo: New mode: 3 1366x768 - blocking that switch
1:196  0:612  === [ InitScreen ] ========================================
1:196  0:000  Console modes reported: 4, available modes:
1:196  0:000   - [01]: 80x25
1:196  0:000   - [03]: 100x31
1:196  0:000   - [04]: 170x40 (current mode)
1:196  0:000  reinit: self device path=PciRoot(0x0)\Pci(0x1F,0x2)\Sata(0x0,0xFFFF,0x0)\HD(1,GPT,153733B5-502F-4126-B299-B9718254796F,0x28,0x64000)
1:196  0:000  Using embedded font: Success
1:198  0:001  === [ GetMacAddress ] =====================================
1:198  0:000  MAC address of LAN #0= F0:1F:AF:3C:DB:12:
1:198  0:000  === [ ScanSPD ] ===========================================
1:198  0:000  SMBus device : 8086 1E22 class=0C0500 status=Success
1:198  0:000  SMBus CmdReg: 0x3
1:198  0:000  Scanning SMBus [8086:1E22], mmio: 0xF7E35004, ioport: 0xF040, hostc: 0x1
1:198  0:000  Slots to scan [8]...
1:199  0:000  SPD[0]: Type 11 @0x50
1:217  0:018  Not using XMP because it is not present
1:217  0:000  DDR speed 1600MHz
1:217  0:000  Slot: 0 Type 24 4096MB 1600MHz Vendor=Nanya Technology PartNo=NT4GC64C88B1NS-DI SerialNo=01090B0902080506
1:218  0:000  === [ GetAcpiTablesList ] =================================
1:218  0:000  Get Acpi Tables List from RSDT:
1:218  0:000   - [00]: FACP  CBX3    len=132
1:218  0:000   - [01]: APIC  CBX3    len=114
1:218  0:000   - [02]: FPDT  CBX3    len=68
1:218  0:000   - [03]: MCFG  CBX3    len=60
1:218  0:000   - [04]: HPET  CBX3    len=56
1:218  0:000   - [05]: SSDT  SataTabl len=1045
1:218  0:000   - [06]: SSDT  Cpu0Ist len=2489
1:218  0:000   - [07]: SSDT  CpuPm len=2850
1:218  0:000   - [08]: DMAR  SNB  len=184
1:218  0:000   - [09]: ASF!   HCG len=165
1:218  0:000   - [10]: SLIC  CBX3    len=374
1:218  0:000   - [11]: BGRT   len=56
1:218  0:000  Calibrated TSC Frequency = 2691256599 = 2691MHz
1:219  0:000  === [ GetUserSettings ] ===================================
1:219  0:000  USB FixOwnership: yes
1:219  0:000  Dropping 2 tables:
1:219  0:000   - [00]: Drop table  signature="DMAR" (52414D44)
1:219  0:000           - set table: 52414D44,                0 to drop: yes
1:219  0:000   - [01]: Drop table  signature="#MCF" (46434D23)
1:219  0:000           - set table: 46434D23,                0 to drop: no
1:219  0:000   - final DSDT Fix mask=01000000
1:219  0:000  PatchesDSDT: 3 requested
1:219  0:000   - [00]: (change _OSI to XOSI) lenToFind: 4, lenToReplace: 4, Target Bridge: <null string>
1:219  0:000    patch disabled at config
1:219  0:000   - [01]: (change EHC1 to EH01) lenToFind: 4, lenToReplace: 4, Target Bridge: <null string>
1:219  0:000   - [02]: (change EHC2 to EH02) lenToFind: 4, lenToReplace: 4, Target Bridge: <null string>
1:219  0:000  PluginType: 1
1:219  0:000  Using ProductName from config
1:219  0:000  ProductName: MacBookPro9,2
1:219  0:000  Using latest BiosVersion from clover
1:219  0:000  BiosVersion: MBP91.88Z.00D7.B00.1708080744
1:219  0:000  BiosReleaseDate: 08/08/2017
1:219  0:000  Using FirmwareFeatures from clover: 0xC00DE137
1:219  0:000  Using FirmwareFeaturesMask from config: 0xFF1FFF3F
1:219  0:000  PlatformFeature will not set in SMBIOS
1:219  0:000  Board-ID set from config as Mac-6F01561E16C75D06
1:219  0:000  BoardType: 0xA
1:219  0:000  ChassisType: 0x9
1:799  0:580  === [ ScanVolumes ] =======================================
1:799  0:000  Found 5 volumes with blockIO
1:799  0:000  - [00]: Volume: PciRoot(0x0)\Pci(0x1F,0x2)\Sata(0x0,0xFFFF,0x0)
1:804  0:004  - [01]: Volume: PciRoot(0x0)\Pci(0x1F,0x2)\Sata(0x1,0xFFFF,0x0)
1:804  0:000          Found optical drive
1:804  0:000  - [02]: Volume: PciRoot(0x0)\Pci(0x1F,0x2)\Sata(0x0,0xFFFF,0x0)\HD(1,GPT,153733B5-502F-4126-B299-B9718254796F,0x28,0x64000)
1:805  0:000          Result of bootcode detection: bootable unknown (legacy)
1:851  0:046          This is SelfVolume !!
1:851  0:000  - [03]: Volume: PciRoot(0x0)\Pci(0x1F,0x2)\Sata(0x0,0xFFFF,0x0)\HD(2,GPT,D82E3F63-106D-45D9-8B67-5F42B8F88BB8,0x64028,0x25294B40)
1:856  0:004  - [04]: Volume: PciRoot(0x0)\Pci(0x1F,0x2)\Sata(0x0,0xFFFF,0x0)\HD(3,GPT,6887B57D-367A-4435-A158-F9DED118F4C3,0x252F8B68,0x135F20)
1:884  0:028  === [ InitTheme ] =========================================
1:923  0:039  Using theme 'MaterialHeart' (EFI\CLOVER\themes\MaterialHeart)
1:923  0:000  OS main and drive as badge
1:929  0:006  Loading font from ThemeDir: Success
1:930  0:000  Choosing theme MaterialHeart
1:930  0:000  after NVRAM boot-args=slide=0 dart=0 nv_disable=1 kext-dev-mode=1
1:930  0:000  === [ Dump SMC keys from NVRAM ] ==========================
1:930  0:000  found AppleSMC protocol
1:948  0:018  Registered 18 SMC keys
1:949  0:000  === [ AddCustomEntries ] ==================================
1:949  0:000  Custom entry 0 skipped because it is disabled.
1:949  0:000  === [ ScanLoader ] ========================================
1:949  0:000  - [02]: 'EFI'
1:949  0:000  - [03]: 'Hackintosh '
2:040  0:090          AddLoaderEntry for Volume Name=Hackintosh 
2:040  0:000      Not match custom entry 0: Type: not match
2:155  0:115      hibernated: set as never
2:170  0:014  - [04]: 'Recovery HD'
2:209  0:039          AddLoaderEntry for Volume Name=Recovery HD
2:209  0:000      Not match custom entry 0: Type: not match
2:308  0:098  Scanning legacy ...
2:308  0:000  === [ AddCustomTool ] =====================================
2:348  0:039  found tool \EFI\CLOVER\tools\Shell64U.efi
2:348  0:000  Checking EFI partition Volume 2 for Clover
2:348  0:000   Found Clover
2:353  0:004  === [ GetEfiBootDeviceFromNvram ] =========================
2:353  0:000  Default boot entry not found
2:353  0:000  DefaultIndex=-1 and MainMenu.EntryCount=8
2:589  0:235  GUI ready
77:061  74:472  Boot option Boot0000 not found
77:061  0:000  === [ StartLoader ] =======================================
77:061  0:000  Finally: ExternalClock=24MHz BusSpeed=99676kHz CPUFreq=2691MHz PIS: hw.busfrequency=96000000Hz
77:061  0:000  Loading boot.efi  status=Success
77:159  0:097  GetOSVersion: 10.12.6 (16G1212)
77:159  0:000  CSR_CFG: CSR_ALLOW_UNTRUSTED_KEXTS | CSR_ALLOW_UNRESTRICTED_FS | CSR_ALLOW_TASK_FOR_PID | CSR_ALLOW_UNRESTRICTED_DTRACE | CSR_ALLOW_UNRESTRICTED_NVRAM
77:159  0:000  Filtering KextPatches:
77:159  0:000   - [00]: IOAHCIBlockStorage (Enable TRIM for SSD) :: BinPatch :: [OS: 10.12.6 | MatchOS: All | MatchBuild: All] ==> disabled by user
77:159  0:000   - [01]: IOGraphicsFamily (Boot graphics glitch, 10.10.2/10.10.3) :: BinPatch :: [OS: 10.12.6 | MatchOS: All | MatchBuild: All] ==> disabled by user
77:159  0:000   - [02]: IOGraphicsFamily (Boot graphics glitch, 10.10.x/10.11.x (credit lisai9093, cecekpawon)) :: BinPatch :: [OS: 10.12.6 | MatchOS: All | MatchBuild: All] ==> disabled by user
77:159  0:000   - [03]: AppleIntelFramebufferCapri (HDMI-audio HD4000 0x01660003, port 0205) :: BinPatch :: [OS: 10.12.6 | MatchOS: All | MatchBuild: All] ==> disabled by user
77:159  0:000   - [04]: AppleIntelFramebufferCapri (HDMI-audio HD4000 0x01660003, port 0304) :: BinPatch :: [OS: 10.12.6 | MatchOS: All | MatchBuild: All] ==> disabled by user
77:159  0:000   - [05]: AppleIntelFramebufferCapri (HDMI-audio HD4000 0x01660003, port 0406) :: BinPatch :: [OS: 10.12.6 | MatchOS: All | MatchBuild: All] ==> disabled by user
77:159  0:000  Will not patch boot.efi
77:159  0:000  === [ PatchSmbios ] =======================================
77:159  0:000  insert table 9 for dev 19:0
77:159  0:000  insert table 9 for dev 0:0
77:160  0:001  Trusting SMBIOS...
77:160  0:000  Channels: 1
77:160  0:000  Interleave: 0 1 2 3 4 5 6 7 8 9 10 11 12 13 14 15 16 17 18 19 20 21 22 23
77:160  0:000   partNum=NT4GC64C88B1NS-DI 
77:160  0:000  SMBIOS Type 17 Index = 0 => 0 0:
77:160  0:000  BANK 0 DIMM0 1600MHz 4096MB
77:160  0:000  SMBIOS Type 17 Index = 1 => 1 1:
77:160  0:000  BANK 0 DIMM1 EMPTY
77:160  0:000  mTotalSystemMemory = 4096
77:160  0:000  NumberOfMemoryDevices = 2
77:160  0:000  Type20[0]->End = 0x3FFFFF, Type17[0] = 0x1000
77:160  0:000  Table 131 is present, CPUType=35
77:160  0:000  Change to: 604
77:160  0:000  === [ PatchACPI ] =========================================
77:160  0:000  Xsdt reallocation done
77:160  0:000  old FADT length=10C
77:160  0:000   SignatureFixup: 0x0 -> 0
77:160  0:000  Apply DsdtFixMask=0x01000000
77:160  0:000     drop _DSM mask=0x0000
77:160  0:000  === [ FixBiosDsdt ] =======================================
77:160  0:000  VideoCard devID=0x1668086
77:160  0:000  DisplayADR1[0] = 0x20000, DisplayADR2[0] = 0xFFFE
77:160  0:000  USBADR[0] = 0x140000 and PCIe = 0xFFFE
77:160  0:000  USBADR[1] = 0x1A0000 and PCIe = 0xFFFE
77:160  0:000  Found Airport Atheros at 0x1C0001, 0x0, DeviceID=0x002B
77:160  0:000  USBADR[2] = 0x1D0000 and PCIe = 0xFFFE
77:161  0:000  Patching DSDT:
77:161  0:000   - [change _OSI to XOSI]: disabled
77:161  0:000   - [change EHC1 to EH01]: pattern 45484331, patched at: [ (3479) (1C43) (53) (12) (4E1F) (50) ]
77:161  0:000   - [change EHC2 to EH02]: pattern 45484332, patched at: [ (39A8) (1729) (6A) (12) (48) (12) (4D01) (9E) (7C) ]
77:161  0:000  first CPU found at 4EE8 offset 4EEB
77:161  0:000  score candidate at 4EE4
77:161  0:000  score inserted in acpi_cpu_score _PR_
77:161  0:000  Found ACPI CPU: CPU0 | CPU1 | CPU2 | CPU3 | CPU4 | CPU5 | CPU6 | CPU7 , within the score: _PR_
77:161  0:000  Found PCIROOTUID = 0
77:161  0:000  Start PNLF Fix
77:161  0:000  found PWRB at 926A
77:161  0:000  PreCleanup XSDT: count=12, length=132
77:161  0:000  PreCleanup XSDT, corrected XSDT: count=12, length=132
77:161  0:000  === [ ACPIDropTables ] ====================================
77:161  0:000  Drop tables from XSDT, SIGN=DMAR TableID=SNB  Length=184
77:161  0:000   Table[8]: DMAR  SNB   184 dropped
77:161  0:000  === [ PatchAllSSDT ] ======================================
77:161  0:000  Patch table: SSDT  SataTabl len=0x415
77:161  0:000  0. [change _OSI to XOSI]: disabled
77:161  0:000  1. [change EHC1 to EH01]: pattern 45484331, bin not found / already patched!
77:161  0:000  2. [change EHC2 to EH02]: pattern 45484332, bin not found / already patched!
77:161  0:000  Patch table: SSDT  Cpu0Ist len=0x9B9
77:161  0:000  0. [change _OSI to XOSI]: disabled
77:161  0:000  1. [change EHC1 to EH01]: pattern 45484331, bin not found / already patched!
77:161  0:000  2. [change EHC2 to EH02]: pattern 45484332, bin not found / already patched!
77:161  0:000  Patch table: SSDT  CpuPm len=0xB22
77:161  0:000  0. [change _OSI to XOSI]: disabled
77:161  0:000  1. [change EHC1 to EH01]: pattern 45484331, bin not found / already patched!
77:161  0:000  2. [change EHC2 to EH02]: pattern 45484332, bin not found / already patched!
77:161  0:000  === [ ACPIPatchedAML ] ====================================
77:161  0:000  Sorted
77:161  0:000  Inserting table[0]:SSDT.aml from EFI\CLOVER\ACPI\patched: size=1740 ... Success
77:178  0:016  Inserting table[1]:SSDT-0.aml from EFI\CLOVER\ACPI\patched: ... Not Found
77:178  0:000  Inserting table[2]:SSDT-1.aml from EFI\CLOVER\ACPI\patched: ... Not Found
77:178  0:000  Inserting table[3]:SSDT-2.aml from EFI\CLOVER\ACPI\patched: ... Not Found
77:178  0:000  Inserting table[4]:SSDT-3.aml from EFI\CLOVER\ACPI\patched: ... Not Found
77:178  0:000  Inserting table[5]:SSDT-4.aml from EFI\CLOVER\ACPI\patched: ... Not Found
77:178  0:000  Inserting table[6]:SSDT-5.aml from EFI\CLOVER\ACPI\patched: ... Not Found
77:178  0:000  Inserting table[7]:SSDT-6.aml from EFI\CLOVER\ACPI\patched: ... Not Found
77:178  0:000  Inserting table[8]:SSDT-7.aml from EFI\CLOVER\ACPI\patched: ... Not Found
77:178  0:000  Inserting table[9]:SSDT-8.aml from EFI\CLOVER\ACPI\patched: ... Not Found
77:178  0:000  Inserting table[10]:SSDT-9.aml from EFI\CLOVER\ACPI\patched: ... Not Found
77:178  0:000  Inserting table[11]:SSDT-10.aml from EFI\CLOVER\ACPI\patched: ... Not Found
77:178  0:000  Inserting table[12]:SSDT-11.aml from EFI\CLOVER\ACPI\patched: ... Not Found
77:178  0:000  Inserting table[13]:SSDT-12.aml from EFI\CLOVER\ACPI\patched: ... Not Found
77:178  0:000  Inserting table[14]:SSDT-13.aml from EFI\CLOVER\ACPI\patched: ... Not Found
77:178  0:000  Inserting table[15]:SSDT-14.aml from EFI\CLOVER\ACPI\patched: ... Not Found
77:178  0:000  Inserting table[16]:SSDT-15.aml from EFI\CLOVER\ACPI\patched: ... Not Found
77:178  0:000  Inserting table[17]:SSDT-16.aml from EFI\CLOVER\ACPI\patched: ... Not Found
77:178  0:000  Inserting table[18]:SSDT-17.aml from EFI\CLOVER\ACPI\patched: ... Not Found
77:178  0:000  Inserting table[19]:SSDT-18.aml from EFI\CLOVER\ACPI\patched: ... Not Found
77:178  0:000  Inserting table[20]:SSDT-19.aml from EFI\CLOVER\ACPI\patched: ... Not Found
77:178  0:000  Inserting table[21]:SSDT-XOSI.aml from EFI\CLOVER\ACPI\patched: ... Not Found
77:178  0:000  Inserting table[22]:SSDT-LPC.aml from EFI\CLOVER\ACPI\patched: ... Not Found
77:178  0:000  CPUBase=0 and ApicCPUBase=1 ApicCPUNum=4
77:178  0:000  Cleanup XSDT: count=13, length=140
77:178  0:000  corrected XSDT count=12, length=132
77:178  0:000  === [ RestSetup macOS ] ===================================
77:178  0:000  EdidDiscovered size=128
77:178  0:000  ---Discovered EDID Table size:128
77:178  0:000  000  |  00  FF  FF  FF  FF  FF  FF  00  30  E4
77:178  0:000  010  |  3E  03  00  00  00  00  00  16  01  04
77:178  0:000  020  |  90  1F  11  78  0A  A9  25  96  58  57
77:178  0:000  030  |  8E  28  1F  50  54  00  00  00  01  01
77:178  0:000  040  |  01  01  01  01  01  01  01  01  01  01
77:178  0:000  050  |  01  01  01  01  FB  1D  56  BA  50  00
77:178  0:000  060  |  38  30  24  30  35  00  35  AE  10  00
77:178  0:000  070  |  00  19  D8  13  56  BA  50  00  32  30
77:178  0:000  080  |  24  30  35  00  35  AE  10  00  00  19
77:178  0:000  090  |  00  00  00  FE  00  33  48  54  34  37
77:178  0:000  100  |  80  31  34  30  57  48  34  0A  00  00
77:178  0:000  110  |  00  00  00  00  41  31  94  01  00  00
77:178  0:000  120  |  00  01  01  0A  20  20  00  84
77:178  0:000  --- Patched EDID size:128
77:178  0:000  000  |  00  FF  FF  FF  FF  FF  FF  00  30  E4
77:178  0:000  010  |  3E  03  00  00  00  00  00  16  01  04
77:178  0:000  020  |  90  1F  11  78  0A  A9  25  96  58  57
77:178  0:000  030  |  8E  28  1F  50  54  00  00  00  01  01
77:178  0:000  040  |  01  01  01  01  01  01  01  01  01  01
77:178  0:000  050  |  01  01  01  01  FB  1D  56  BA  50  00
77:178  0:000  060  |  38  30  24  30  35  00  35  AE  10  00
77:178  0:000  070  |  00  19  D8  13  56  BA  50  00  32  30
77:178  0:000  080  |  24  30  35  00  35  AE  10  00  00  19
77:178  0:000  090  |  00  00  00  FE  00  33  48  54  34  37
77:178  0:000  100  |  80  31  34  30  57  48  34  0A  00  00
77:178  0:000  110  |  00  00  00  00  41  31  94  01  00  00
77:178  0:000  120  |  00  01  01  0A  20  20  00  84
77:178  0:000  Intel HD Graphics 4000 [8086:0166] :: PciRoot(0x0)\Pci(0x2,0x0)
77:178  0:000    Found Full Wide XGA Display - 16:9 :: Width=1366 Height=768
77:178  0:000    Beginning DualLink auto-detection
77:178  0:000    Low Resolution Display
77:178  0:000    AAPL00,DualLink: not used
77:178  0:000    FakeID Intel GFX: not set
77:178  0:000    ig-platform-id = 0x01660003
77:178  0:000    Beginning Intel GFX auto-detection with ACPI injection
77:178  0:000    Found FakeID Intel GFX = 0x01668086
77:178  0:000  Intel GFX revision  = 0x9
77:178  0:000   detected codec: 111D:76DF
77:179  0:000  stringlength = 3212
77:179  0:000  CurrentMode: Width=1366 Height=768
77:179  0:000  Beginning FSInjection
FSInjectionInstall ...
- Our FSI_SIMPLE_FILE_SYSTEM_PROTOCOL installed on handle: CFBCF198
FSInjectionInstall ...
- Our FSI_SIMPLE_FILE_SYSTEM_PROTOCOL installed on handle: CFBCF198
77:182  0:002  Use origin smbios table type 1 guid.
77:187  0:005    Force kext: System\Library\Extensions\IONetworkingFamily.kext
77:255  0:067      Force PlugIn kext: System\Library\Extensions\IONetworkingFamily.kext\Contents\PlugIns\AppleBCM5701Ethernet.kext
77:272  0:016      Force PlugIn kext: System\Library\Extensions\IONetworkingFamily.kext\Contents\PlugIns\AppleIntel8254XEthernet.kext
77:284  0:012      Force PlugIn kext: System\Library\Extensions\IONetworkingFamily.kext\Contents\PlugIns\AppleIntelI210Ethernet.kext
77:296  0:011      Force PlugIn kext: System\Library\Extensions\IONetworkingFamily.kext\Contents\PlugIns\AppleVmxnet3Ethernet.kext
77:306  0:010      Force PlugIn kext: System\Library\Extensions\IONetworkingFamily.kext\Contents\PlugIns\AppleYukon2.kext
77:343  0:036      Force PlugIn kext: System\Library\Extensions\IONetworkingFamily.kext\Contents\PlugIns\Intel82574L.kext
77:360  0:016      Force PlugIn kext: System\Library\Extensions\IONetworkingFamily.kext\Contents\PlugIns\IOEthernetAVBController.kext
77:375  0:015      Force PlugIn kext: System\Library\Extensions\IONetworkingFamily.kext\Contents\PlugIns\mDNSOffloadUserClient.kext
77:384  0:008      Force PlugIn kext: System\Library\Extensions\IONetworkingFamily.kext\Contents\PlugIns\nvenet.kext
77:395  0:011  Preparing kexts injection for arch=x86_64 from EFI\CLOVER\kexts\Other
77:395  0:000  Preparing kexts injection for arch=x86_64 from EFI\CLOVER\kexts\10.12
77:395  0:000  Extra kext: EFI\CLOVER\kexts\10.12\VoodooPS2Controller.kext (v.1.8.9)
77:424  0:028    |-- PlugIn kext: EFI\CLOVER\kexts\10.12\VoodooPS2Controller.kext\Contents\PlugIns\VoodooPS2Trackpad.kext (v.1.8.9)
77:439  0:015    |-- PlugIn kext: EFI\CLOVER\kexts\10.12\VoodooPS2Controller.kext\Contents\PlugIns\VoodooPS2Mouse.kext (v.1.8.9)
77:448  0:009    |-- PlugIn kext: EFI\CLOVER\kexts\10.12\VoodooPS2Controller.kext\Contents\PlugIns\VoodooPS2Keyboard.kext (v.1.8.9)
77:467  0:018  Extra kext: EFI\CLOVER\kexts\10.12\VoodooBattery.kext (v.1.3.3)
77:496  0:029  Extra kext: EFI\CLOVER\kexts\10.12\usbinjectall.kext (v.0.6.3)
78:079  0:582  Extra kext: EFI\CLOVER\kexts\10.12\ioath3kfrmwr.kext (v.1.2.1)
78:112  0:032  Extra kext: EFI\CLOVER\kexts\10.12\io80211family.kext (v.730.60)
78:152  0:040    |-- PlugIn kext: EFI\CLOVER\kexts\10.12\io80211family.kext\Contents\PlugIns\io80211netbooter.kext (v.730.60)
78:162  0:009    |-- PlugIn kext: EFI\CLOVER\kexts\10.12\io80211family.kext\Contents\PlugIns\appleairportbrcm43224.kext (v.700.36.24)
78:215  0:053    |-- PlugIn kext: EFI\CLOVER\kexts\10.12\io80211family.kext\Contents\PlugIns\airportbrcm4360.kext (v.930.37.3)
78:363  0:147    |-- PlugIn kext: EFI\CLOVER\kexts\10.12\io80211family.kext\Contents\PlugIns\airportbrcm4331.kext (v.800.20.24)
78:428  0:064    |-- PlugIn kext: EFI\CLOVER\kexts\10.12\io80211family.kext\Contents\PlugIns\AirPortAtheros40.kext (v.700.74.5)
78:475  0:047  Extra kext: EFI\CLOVER\kexts\10.12\FakeSMC.kext (v.1723)
78:505  0:029  Extra kext: EFI\CLOVER\kexts\10.12\atheroswifiinjector.kext (v.1.0.1)
78:510  0:005  Extra kext: EFI\CLOVER\kexts\10.12\appleps2smarttouchpad.kext (v.4.6)
78:600  0:090    |-- PlugIn kext: EFI\CLOVER\kexts\10.12\appleps2smarttouchpad.kext\Contents\PlugIns\appleps2keyboard.kext (v.4.6)
78:621  0:020    |-- PlugIn kext: EFI\CLOVER\kexts\10.12\appleps2smarttouchpad.kext\Contents\PlugIns\ApplePS2Controller.kext (v.4.6)
78:633  0:012  Extra kext: EFI\CLOVER\kexts\10.12\AppleIntelHDGraphics.kext (v.10.0.2)
78:667  0:033  Extra kext: EFI\CLOVER\kexts\10.12\appleintelhd4000graphics.kext (v.10.2.2)
78:702  0:034  Extra kext: EFI\CLOVER\kexts\10.12\appleintelframebufferazul.kext (v.10.2.2)
78:763  0:061  Extra kext: EFI\CLOVER\kexts\10.12\appleacpiplatform.kext (v.1.3.6)
78:814  0:051    |-- PlugIn kext: EFI\CLOVER\kexts\10.12\appleacpiplatform.kext\Contents\PlugIns\appleacpiec.kext (v.1.3.6)
78:827  0:012    |-- PlugIn kext: EFI\CLOVER\kexts\10.12\appleacpiplatform.kext\Contents\PlugIns\AppleACPIButtons.kext (v.1.3.6)
78:853  0:025  Custom boot screen not used because entry has unset use graphics
78:853  0:000  Closing log
